<?xml version="1.0" encoding="UTF-8"?>
<testng-results ignored="0" total="1" passed="1" failed="0" skipped="0">
  <reporter-output>
  </reporter-output>
  <suite started-at="2023-05-15T01:24:37Z" name="Automation Test Suite" finished-at="2023-05-15T01:24:48Z" duration-ms="10944">
    <groups>
      <group name="cucumber">
        <method signature="AbstractTestNGCucumberTests.runScenario(io.cucumber.testng.PickleWrapper, io.cucumber.testng.FeatureWrapper)[pri:0, instance:smarttech.usa.runner.MyRunner@6c779568]" name="runScenario" class="io.cucumber.testng.AbstractTestNGCucumberTests"/>
      </group> <!-- cucumber -->
    </groups>
    <test started-at="2023-05-15T01:24:37Z" name="functionalTest" finished-at="2023-05-15T01:24:48Z" duration-ms="10944">
      <class name="smarttech.usa.runner.MyRunner">
        <test-method is-config="true" signature="setUpClass()[pri:0, instance:smarttech.usa.runner.MyRunner@6c779568]" started-at="2023-05-15T01:24:37Z" name="setUpClass" finished-at="2023-05-15T01:24:37Z" duration-ms="461" status="PASS">
          <reporter-output>
          </reporter-output>
        </test-method> <!-- setUpClass -->
        <test-method signature="runScenario(io.cucumber.testng.PickleWrapper, io.cucumber.testng.FeatureWrapper)[pri:0, instance:smarttech.usa.runner.MyRunner@6c779568]" started-at="2023-05-15T01:24:37Z" name="runScenario" description="Runs Cucumber Scenarios" data-provider="scenarios" finished-at="2023-05-15T01:24:48Z" duration-ms="10303" status="PASS">
          <params>
            <param index="0">
              <value>
                <![CDATA["User Able To Login, Purchase And Download Invoice."]]>
              </value>
            </param>
            <param index="1">
              <value>
                <![CDATA["Optional[Valid Users Able To Download Invoice after purchase the order.]"]]>
              </value>
            </param>
          </params>
          <reporter-output>
          </reporter-output>
        </test-method> <!-- runScenario -->
        <test-method is-config="true" signature="tearDownClass()[pri:0, instance:smarttech.usa.runner.MyRunner@6c779568]" started-at="2023-05-15T01:24:48Z" name="tearDownClass" finished-at="2023-05-15T01:24:48Z" duration-ms="145" status="PASS">
          <reporter-output>
          </reporter-output>
        </test-method> <!-- tearDownClass -->
      </class> <!-- smarttech.usa.runner.MyRunner -->
    </test> <!-- functionalTest -->
  </suite> <!-- Automation Test Suite -->
</testng-results>
